<?xml version="1.0" encoding="UTF-8"?>
<!-- Generated by org.testng.reporters.JUnitReportReporter -->
<testsuite skipped="0" hostname="IRONMAN" name="com.mindtree.runner.BigSmall" tests="8" failures="0" timestamp="2021-11-17T12:29:02 IST" time="111.369" errors="0">
  <testcase name="homePageLanding" time="9.714" classname="com.mindtree.runner.BigSmall"/>
  <testcase name="signInTesting" time="7.452" classname="com.mindtree.runner.BigSmall"/>
  <testcase name="signInTesting" time="3.600" classname="com.mindtree.runner.BigSmall"/>
  <testcase name="signInTesting" time="3.235" classname="com.mindtree.runner.BigSmall"/>
  <testcase name="persionalizedGiftMenuTesting" time="29.753" classname="com.mindtree.runner.BigSmall"/>
  <testcase name="searchingBoxTesting" time="10.780" classname="com.mindtree.runner.BigSmall"/>
  <testcase name="ChristmasGiftMenuTesting" time="29.109" classname="com.mindtree.runner.BigSmall"/>
  <testcase name="ShopByCategoryTesting" time="17.726" classname="com.mindtree.runner.BigSmall"/>
</testsuite> <!-- com.mindtree.runner.BigSmall -->
