<?xml version="1.0" encoding="UTF-8"?>
<!-- Generated by org.testng.reporters.JUnitReportReporter -->
<testsuite skipped="0" hostname="DESKTOP-QPMSPL4" name="com.mindtree.runner.BigSmallTestRunner" tests="13" failures="1" timestamp="2021-11-22T18:50:10 IST" time="508.567" errors="1">
  <testcase name="runScenario" time="63.169" classname="com.mindtree.runner.BigSmallTestRunner"/>
  <system-out/>
  <testcase name="runScenario" time="19.624" classname="com.mindtree.runner.BigSmallTestRunner"/>
  <system-out/>
  <testcase name="runScenario" time="34.002" classname="com.mindtree.runner.BigSmallTestRunner"/>
  <system-out/>
  <testcase name="runScenario" time="35.575" classname="com.mindtree.runner.BigSmallTestRunner">
    <error type="java.lang.IndexOutOfBoundsException" message="Index: 0, Size: 0">
      <![CDATA[java.lang.IndexOutOfBoundsException: Index: 0, Size: 0
at java.util.ArrayList.rangeCheck(ArrayList.java:659)
at java.util.ArrayList.get(ArrayList.java:435)
at com.mindtree.StepDefinations.WIshListSD.validate_wheather_product_is_present_or_no(WIshListSD.java:58)
at ✽.Validate wheather product is present or not(file:///M:/MindtreeWorkspace/ComprehensiveAssessmentCucumberFramework/features/08WishList.feature:7)
]]>
    </error>
  </testcase> <!-- runScenario -->
  <system-out/>
  <testcase name="runScenario" time="16.738" classname="com.mindtree.runner.BigSmallTestRunner"/>
  <system-out/>
  <testcase name="runScenario" time="5.869" classname="com.mindtree.runner.BigSmallTestRunner"/>
  <system-out/>
  <testcase name="runScenario" time="54.109" classname="com.mindtree.runner.BigSmallTestRunner"/>
  <system-out/>
  <testcase name="runScenario" time="97.961" classname="com.mindtree.runner.BigSmallTestRunner">
    <failure type="java.lang.AssertionError" message="expected [true] but found [false]">
      <![CDATA[java.lang.AssertionError: expected [true] but found [false]
at org.testng.Assert.fail(Assert.java:99)
at org.testng.Assert.failNotEquals(Assert.java:1037)
at org.testng.Assert.assertTrue(Assert.java:45)
at org.testng.Assert.assertTrue(Assert.java:55)
at com.mindtree.StepDefinations.ShopByCatagorySD.verify_that_item_added_in_wish_list(ShopByCatagorySD.java:71)
at ✽.verify that item added in wish list(file:///M:/MindtreeWorkspace/ComprehensiveAssessmentCucumberFramework/features/06ShopByCategory.feature:9)
]]>
    </failure>
  </testcase> <!-- runScenario -->
  <system-out/>
  <testcase name="runScenario" time="23.681" classname="com.mindtree.runner.BigSmallTestRunner"/>
  <system-out/>
  <testcase name="runScenario" time="41.351" classname="com.mindtree.runner.BigSmallTestRunner"/>
  <system-out/>
  <testcase name="runScenario" time="65.772" classname="com.mindtree.runner.BigSmallTestRunner"/>
  <system-out/>
  <testcase name="runScenario" time="20.803" classname="com.mindtree.runner.BigSmallTestRunner"/>
  <system-out/>
  <testcase name="runScenario" time="29.913" classname="com.mindtree.runner.BigSmallTestRunner"/>
  <system-out/>
</testsuite> <!-- com.mindtree.runner.BigSmallTestRunner -->
